<?xml version="1.0" encoding="UTF-8"?>
<!-- Generated by org.testng.reporters.JUnitReportReporter -->
<testsuite hostname="IN-JG6ZZD3" failures="0" tests="3" name="PracticeTest.SeleniumFramework.submitOrderDataProJSON_Test" time="16.701" errors="0" timestamp="2024-09-04T19:18:57 IST" skipped="0">
  <testcase classname="PracticeTest.SeleniumFramework.submitOrderDataProJSON_Test" name="submitOrder" time="6.113"/>
  <testcase classname="PracticeTest.SeleniumFramework.submitOrderDataProJSON_Test" name="OrderHistoryTest" time="4.157"/>
  <testcase classname="PracticeTest.SeleniumFramework.submitOrderDataProJSON_Test" name="submitOrder" time="6.431"/>
</testsuite> <!-- PracticeTest.SeleniumFramework.submitOrderDataProJSON_Test -->
