<?xml version="1.0" encoding="UTF-8"?>
<!-- Generated by org.testng.reporters.JUnitReportReporter -->
<testsuite hostname="IN-JG6ZZD3" failures="0" tests="2" name="PracticeTest.SeleniumFramework.submitOrderDataProvider1_Test" time="14.294" errors="0" timestamp="2024-09-04T13:21:05 IST" skipped="0">
  <testcase classname="PracticeTest.SeleniumFramework.submitOrderDataProvider1_Test" name="submitOrder" time="7.984"/>
  <testcase classname="PracticeTest.SeleniumFramework.submitOrderDataProvider1_Test" name="submitOrder" time="6.310"/>
</testsuite> <!-- PracticeTest.SeleniumFramework.submitOrderDataProvider1_Test -->
