<?xml version="1.0" encoding="UTF-8"?>
<!-- Generated by org.testng.reporters.JUnitReportReporter -->
<testsuite hostname="IN-JG6ZZD3" failures="0" tests="2" name="PracticeTest.SeleniumFramework.submitOrderDataProHashMap_Test" time="20.374" errors="0" timestamp="2024-09-04T14:00:37 IST" skipped="0">
  <testcase classname="PracticeTest.SeleniumFramework.submitOrderDataProHashMap_Test" name="submitOrder" time="11.327"/>
  <testcase classname="PracticeTest.SeleniumFramework.submitOrderDataProHashMap_Test" name="submitOrder" time="9.047"/>
</testsuite> <!-- PracticeTest.SeleniumFramework.submitOrderDataProHashMap_Test -->
