<?xml version="1.0" encoding="UTF-8"?>
<!-- Generated by org.testng.reporters.JUnitReportReporter -->
<testsuite hostname="IN-JG6ZZD3" failures="0" tests="1" name="PracticeTest.SeleniumFramework.submitLogin" time="8.355" errors="0" timestamp="2024-09-03T12:25:07 IST" skipped="0">
  <testcase classname="PracticeTest.SeleniumFramework.submitLogin" name="submitOrder" time="8.355"/>
</testsuite> <!-- PracticeTest.SeleniumFramework.submitLogin -->
