<?xml version="1.0" encoding="UTF-8"?>
<!-- Generated by org.testng.reporters.JUnitReportReporter -->
<testsuite hostname="IN-JG6ZZD3" failures="0" tests="2" name="PracticeTest.SeleniumFramework.errorValidationTest" time="5.853" errors="0" timestamp="2024-09-04T19:18:57 IST" skipped="0">
  <testcase classname="PracticeTest.SeleniumFramework.errorValidationTest" name="BlankLogin" time="3.064"/>
  <testcase classname="PracticeTest.SeleniumFramework.errorValidationTest" name="LoginErrorValidation" time="2.789"/>
</testsuite> <!-- PracticeTest.SeleniumFramework.errorValidationTest -->
